<?xml version="1.0" encoding="UTF-8"?>
<testng-results skipped="0" failed="0" ignored="0" total="1" passed="1">
  <reporter-output>
  </reporter-output>
  <suite name="Suite" duration-ms="15878" started-at="2019-10-12T16:16:23 IST" finished-at="2019-10-12T16:16:39 IST">
    <groups>
    </groups>
    <test name="Test" duration-ms="15878" started-at="2019-10-12T16:16:23 IST" finished-at="2019-10-12T16:16:39 IST">
      <class name="acme.SearchVendor">
        <test-method status="PASS" signature="search()[pri:0, instance:acme.SearchVendor@6ddf90b0]" name="search" duration-ms="15782" started-at="2019-10-12T16:16:23 IST" finished-at="2019-10-12T16:16:39 IST">
          <reporter-output>
          </reporter-output>
        </test-method> <!-- search -->
      </class> <!-- acme.SearchVendor -->
    </test> <!-- Test -->
  </suite> <!-- Suite -->
</testng-results>
